#
# A fatal error has been detected by the Java Runtime Environment:
#
#  EXCEPTION_ACCESS_VIOLATION (0xc0000005) at pc=0x0000024b23ba113d, pid=18728, tid=18964
#
# JRE version: OpenJDK Runtime Environment Corretto-11.0.21.9.1 (11.0.21+9) (build 11.0.21+9-LTS)
# Java VM: OpenJDK 64-Bit Server VM Corretto-11.0.21.9.1 (11.0.21+9-LTS, mixed mode, tiered, compressed oops, g1 gc, windows-amd64)
# Problematic frame:
# v  ~StubRoutines::get_previous_fp
#
# No core dump will be written. Minidumps are not enabled by default on client versions of Windows
#
# If you would like to submit a bug report, please visit:
#   https://github.com/corretto/corretto-11/issues/
#

---------------  S U M M A R Y ------------

Command Line: -javaagent:C:\\Users\\Никита\\.m2\\repository\\org\\jacoco\\org.jacoco.agent\\0.8.5\\org.jacoco.agent-0.8.5-runtime.jar=destfile=C:\\Users\\Никита\\IdeaProjects\\JaCoCo\\target\\jacoco.exec C:\Users\843E~1\AppData\Local\Temp\surefire17749293276182885775\surefirebooter2315177009196639941.jar C:\Users\Никита\AppData\Local\Temp\surefire17749293276182885775 2024-01-12T17-49-45_932-jvmRun1 surefire4647602484918745250tmp surefire_0699197862146477025tmp

Host: Intel(R) Pentium(R) CPU G4560 @ 3.50GHz, 4 cores, 11G,  Windows 10 , 64 bit Build 19041 (10.0.19041.3636)
Time: Fri Jan 12 17:49:52 2024 RTZ 3 (s 10 , 64 bit Build 19041 (10.0.19041.3636) elapsed time: 0.531823 seconds (0d 0h 0m 0s)

---------------  T H R E A D  ---------------

Current thread (0x0000024b1b400800):  JavaThread "main" [_thread_in_vm, id=18964, stack(0x000000dce6a00000,0x000000dce6b00000)]

Stack: [0x000000dce6a00000,0x000000dce6b00000],  sp=0x000000dce6aff620,  free space=1021k
Native frames: (J=compiled Java code, j=interpreted, Vv=VM code, C=native code)
C  0x0000024b23ba113d


siginfo: EXCEPTION_ACCESS_VIOLATION (0xc0000005), reading address 0x00000000000003d8


Register to memory mapping:

RIP=0x0000024b23ba113d is at begin+8 in a stub
StubRoutines::get_previous_fp [0x0000024b23ba1135, 0x0000024b23ba1142[ (13 bytes)
RAX=0x00000000000003d8 is an unknown value
RBX=0x000000dce6aff6c0 is pointing into the stack for thread: 0x0000024b1b400800
RCX=0x000000dce6aff6c0 is pointing into the stack for thread: 0x0000024b1b400800
RDX=0x0 is NULL
RSP=0x000000dce6aff620 is pointing into the stack for thread: 0x0000024b1b400800
RBP=0x000000dce6aff620 is pointing into the stack for thread: 0x0000024b1b400800
RSI=0x0 is NULL
RDI=0x0000024b1b400800 is a thread
R8 =0x000000dce6aff598 is pointing into the stack for thread: 0x0000024b1b400800
R9 =0x0000000000000001 is an unknown value
R10=0x0 is NULL
R11=0x000000dce6aff650 is pointing into the stack for thread: 0x0000024b1b400800
R12=0x0000024b1b401318 points into unknown readable memory: 0x0803879d807104a2 | a2 04 71 80 9d 87 03 08
R13=0x0000024b192aa798 points into unknown readable memory: 0x0000024b192ae5c0 | c0 e5 2a 19 4b 02 00 00
R14=0x0000024b3d1141c0 points into unknown readable memory: 0x0000024b3caf4d60 | 60 4d af 3c 4b 02 00 00
R15=0x0000024b1b400f40 points into unknown readable memory: 0x0072006f006d0020 | 20 00 6d 00 6f 00 72 00


Registers:
RAX=0x00000000000003d8, RBX=0x000000dce6aff6c0, RCX=0x000000dce6aff6c0, RDX=0x0000000000000000
RSP=0x000000dce6aff620, RBP=0x000000dce6aff620, RSI=0x0000000000000000, RDI=0x0000024b1b400800
R8 =0x000000dce6aff598, R9 =0x0000000000000001, R10=0x0000000000000000, R11=0x000000dce6aff650
R12=0x0000024b1b401318, R13=0x0000024b192aa798, R14=0x0000024b3d1141c0, R15=0x0000024b1b400f40
RIP=0x0000024b23ba113d, EFLAGS=0x0000000000010206

Top of Stack: (sp=0x000000dce6aff620)
0x000000dce6aff620:   00000000000003d8 00007ffa0ed25a86
0x000000dce6aff630:   00000000000000af 000000dce6aff720
0x000000dce6aff640:   00007ffa6ad082d0 00007ffa7d1eb3e4
0x000000dce6aff650:   0000024b1b400f30 00007ffa0e7a232c
0x000000dce6aff660:   0000024b1b400800 0000024b192ac710
0x000000dce6aff670:   00000000000007d0 0000000000007fd8
0x000000dce6aff680:   0000024b1b400800 00007ffa0ee79ad1
0x000000dce6aff690:   0000024b192ac710 0000024b1b400f30
0x000000dce6aff6a0:   0000024b1b400f30 0000024b3c237958
0x000000dce6aff6b0:   0000024b1933eb48 00007ffa6ad0148c
0x000000dce6aff6c0:   0000000000000000 0000000000000024
0x000000dce6aff6d0:   00007ffa6ad082d0 000000dce6aff720
0x000000dce6aff6e0:   00007ffa7d2bf540 0000000000000000
0x000000dce6aff6f0:   0000f57d8962b444 00007ffa6ad07ae0
0x000000dce6aff700:   0000024b1b400800 00007ffa0ed281d0
0x000000dce6aff710:   0000024b1b400b48 00007ffa6ad082d0 

Instructions: (pc=0x0000024b23ba113d)
0x0000024b23ba103d:   0f 84 88 00 00 00 89 01 48 8d a5 28 fe ff ff f3
0x0000024b23ba104d:   0f 6f 75 b8 f3 0f 6f 7d a8 f3 44 0f 6f 45 98 f3
0x0000024b23ba105d:   44 0f 6f 4d 88 f3 44 0f 6f 95 78 ff ff ff f3 44
0x0000024b23ba106d:   0f 6f 9d 68 ff ff ff f3 44 0f 6f a5 58 ff ff ff
0x0000024b23ba107d:   f3 44 0f 6f ad 48 ff ff ff f3 44 0f 6f b5 38 ff
0x0000024b23ba108d:   ff ff f3 44 0f 6f bd 28 ff ff ff 4c 8b 7d c8 4c
0x0000024b23ba109d:   8b 75 d0 4c 8b 6d d8 4c 8b 65 e0 48 8b 5d f8 48
0x0000024b23ba10ad:   8b 7d e8 48 8b 75 f0 48 81 c4 d8 01 00 00 5d c3
0x0000024b23ba10bd:   48 89 01 eb 83 f3 0f 11 01 e9 7a ff ff ff f2 0f
0x0000024b23ba10cd:   11 01 e9 71 ff ff ff 49 89 47 08 49 ba 40 53 02
0x0000024b23ba10dd:   0f fa 7f 00 00 4d 89 57 10 41 c7 47 18 da 01 00
0x0000024b23ba10ed:   00 e9 25 ff ff ff 8b c1 87 02 c3 48 8b c1 48 87
0x0000024b23ba10fd:   02 c3 41 8b c0 f0 0f b1 0a c3 49 0f be c0 f0 0f
0x0000024b23ba110d:   b0 0a c3 49 8b c0 f0 48 0f b1 0a c3 8b c1 f0 0f
0x0000024b23ba111d:   c1 0a 03 c1 c3 48 8b c1 f0 48 0f c1 0a 48 03 c1
0x0000024b23ba112d:   c3 f0 83 44 24 c0 00 c3 55 48 8b ec 48 8b 45 00
0x0000024b23ba113d:   48 8b 00 5d c3 48 8b c4 48 83 c0 08 c3 c3 66 66
0x0000024b23ba114d:   66 0f 1f 84 00 00 00 00 00 66 66 66 90 66 0f 1f
0x0000024b23ba115d:   44 00 00 55 48 8b ec 49 b9 30 05 18 0f fa 7f 00
0x0000024b23ba116d:   00 f7 d1 41 83 f8 10 0f 8c 74 02 00 00 44 8b da
0x0000024b23ba117d:   41 83 e3 0f 74 23 41 83 eb 10 45 03 c3 66 90 0f
0x0000024b23ba118d:   be 02 33 c1 81 e0 ff 00 00 00 c1 e9 08 41 33 0c
0x0000024b23ba119d:   81 48 ff c2 41 ff c3 7c e6 45 8b d8 41 c1 e8 04
0x0000024b23ba11ad:   0f 84 38 02 00 00 66 0f 6f 0a 66 0f 7e c8 33 c8
0x0000024b23ba11bd:   66 0f 3a 22 c9 00 48 83 c2 10 41 83 e8 04 0f 8c
0x0000024b23ba11cd:   03 01 00 00 66 0f 6f 12 66 0f 6f 5a 10 66 0f 6f
0x0000024b23ba11dd:   62 20 48 83 c2 30 41 83 e8 03 0f 8e 90 00 00 00
0x0000024b23ba11ed:   49 ba 20 05 18 0f fa 7f 00 00 f3 41 0f 6f 02 0f
0x0000024b23ba11fd:   1f 40 00 66 0f 6f e9 66 0f 3a 44 e8 11 66 0f 3a
0x0000024b23ba120d:   44 c8 00 66 0f ef cd f3 0f 6f 2a 66 0f ef cd 66
0x0000024b23ba121d:   0f 6f ea 66 0f 3a 44 e8 11 66 0f 3a 44 d0 00 66
0x0000024b23ba122d:   0f ef d5 f3 0f 6f 6a 10 66 0f ef d5 66 0f 6f eb 


Stack slot to memory mapping:
stack at sp + 0 slots: 0x00000000000003d8 is an unknown value
stack at sp + 1 slots: 0x00007ffa0ed25a86 jvm.dll
stack at sp + 2 slots: 0x00000000000000af is an unknown value
stack at sp + 3 slots: 0x000000dce6aff720 is pointing into the stack for thread: 0x0000024b1b400800
stack at sp + 4 slots: 0x00007ffa6ad082d0 instrument.dll
stack at sp + 5 slots: 0x00007ffa7d1eb3e4 ucrtbase.dll
stack at sp + 6 slots: 0x0000024b1b400f30 points into unknown readable memory: 0x0000024b3d1141b0 | b0 41 11 3d 4b 02 00 00
stack at sp + 7 slots: 0x00007ffa0e7a232c jvm.dll

StubRoutines::get_previous_fp [0x0000024b23ba1135, 0x0000024b23ba1142[ (13 bytes)
---------------  P R O C E S S  ---------------

Threads class SMR info:
_java_thread_list=0x0000024b3cd59d70, length=11, elements={
0x0000024b1b400800, 0x0000024b3c268800, 0x0000024b3c26a000, 0x0000024b3cada800,
0x0000024b3cadd800, 0x0000024b3cadf000, 0x0000024b3cae3000, 0x0000024b3cae4800,
0x0000024b3cb52800, 0x0000024b3cc55000, 0x0000024b3cd04800
}

Java Threads: ( => current thread )
=>0x0000024b1b400800 JavaThread "main" [_thread_in_vm, id=18964, stack(0x000000dce6a00000,0x000000dce6b00000)]
  0x0000024b3c268800 JavaThread "Reference Handler" daemon [_thread_blocked, id=4856, stack(0x000000dce7100000,0x000000dce7200000)]
  0x0000024b3c26a000 JavaThread "Finalizer" daemon [_thread_blocked, id=19100, stack(0x000000dce7200000,0x000000dce7300000)]
  0x0000024b3cada800 JavaThread "Signal Dispatcher" daemon [_thread_blocked, id=13872, stack(0x000000dce7300000,0x000000dce7400000)]
  0x0000024b3cadd800 JavaThread "Attach Listener" daemon [_thread_blocked, id=11684, stack(0x000000dce7400000,0x000000dce7500000)]
  0x0000024b3cadf000 JavaThread "Service Thread" daemon [_thread_blocked, id=22460, stack(0x000000dce7500000,0x000000dce7600000)]
  0x0000024b3cae3000 JavaThread "C2 CompilerThread0" daemon [_thread_blocked, id=21700, stack(0x000000dce7600000,0x000000dce7700000)]
  0x0000024b3cae4800 JavaThread "C1 CompilerThread0" daemon [_thread_blocked, id=20244, stack(0x000000dce7700000,0x000000dce7800000)]
  0x0000024b3cb52800 JavaThread "Sweeper thread" daemon [_thread_blocked, id=18544, stack(0x000000dce7800000,0x000000dce7900000)]
  0x0000024b3cc55000 JavaThread "Common-Cleaner" daemon [_thread_blocked, id=2284, stack(0x000000dce7900000,0x000000dce7a00000)]
  0x0000024b3cd04800 JavaThread "C2 CompilerThread1" daemon [_thread_blocked, id=20008, stack(0x000000dce7a00000,0x000000dce7b00000)]

Other Threads:
  0x0000024b3ca91800 VMThread "VM Thread" [stack: 0x000000dce7000000,0x000000dce7100000] [id=19300]
  0x0000024b1b419000 GCTaskThread "GC Thread#0" [stack: 0x000000dce6b00000,0x000000dce6c00000] [id=16748]
  0x0000024b1b45e000 ConcurrentGCThread "G1 Main Marker" [stack: 0x000000dce6c00000,0x000000dce6d00000] [id=2416]
  0x0000024b1b45f800 ConcurrentGCThread "G1 Conc#0" [stack: 0x000000dce6d00000,0x000000dce6e00000] [id=18492]
  0x0000024b1b4de800 ConcurrentGCThread "G1 Refine#0" [stack: 0x000000dce6e00000,0x000000dce6f00000] [id=19500]
  0x0000024b3c0c0800 ConcurrentGCThread "G1 Young RemSet Sampling" [stack: 0x000000dce6f00000,0x000000dce7000000] [id=22240]

Threads with active compile tasks:

VM state:not at safepoint (normal execution)

VM Mutex/Monitor currently owned by a thread: None

Heap address: 0x0000000740e00000, size: 3058 MB, Compressed Oops mode: Zero based, Oop shift amount: 3
Narrow klass base: 0x0000000800000000, Narrow klass shift: 0
Compressed class space size: 1073741824 Address: 0x0000000800000000

Heap:
 garbage-first heap   total 196608K, used 2048K [0x0000000740e00000, 0x0000000800000000)
  region size 1024K, 3 young (3072K), 0 survivors (0K)
 Metaspace       used 6712K, capacity 6850K, committed 7168K, reserved 1056768K
  class space    used 582K, capacity 643K, committed 768K, reserved 1048576K
Heap Regions: E=young(eden), S=young(survivor), O=old, HS=humongous(starts), HC=humongous(continues), CS=collection set, F=free, A=archive, TAMS=top-at-mark-start (previous, next)
|   0|0x0000000740e00000, 0x0000000740e00000, 0x0000000740f00000|  0%| F|  |TAMS 0x0000000740e00000, 0x0000000740e00000| Untracked 
|   1|0x0000000740f00000, 0x0000000740f00000, 0x0000000741000000|  0%| F|  |TAMS 0x0000000740f00000, 0x0000000740f00000| Untracked 
|   2|0x0000000741000000, 0x0000000741000000, 0x0000000741100000|  0%| F|  |TAMS 0x0000000741000000, 0x0000000741000000| Untracked 
|   3|0x0000000741100000, 0x0000000741100000, 0x0000000741200000|  0%| F|  |TAMS 0x0000000741100000, 0x0000000741100000| Untracked 
|   4|0x0000000741200000, 0x0000000741200000, 0x0000000741300000|  0%| F|  |TAMS 0x0000000741200000, 0x0000000741200000| Untracked 
|   5|0x0000000741300000, 0x0000000741300000, 0x0000000741400000|  0%| F|  |TAMS 0x0000000741300000, 0x0000000741300000| Untracked 
|   6|0x0000000741400000, 0x0000000741400000, 0x0000000741500000|  0%| F|  |TAMS 0x0000000741400000, 0x0000000741400000| Untracked 
|   7|0x0000000741500000, 0x0000000741500000, 0x0000000741600000|  0%| F|  |TAMS 0x0000000741500000, 0x0000000741500000| Untracked 
|   8|0x0000000741600000, 0x0000000741600000, 0x0000000741700000|  0%| F|  |TAMS 0x0000000741600000, 0x0000000741600000| Untracked 
|   9|0x0000000741700000, 0x0000000741700000, 0x0000000741800000|  0%| F|  |TAMS 0x0000000741700000, 0x0000000741700000| Untracked 
|  10|0x0000000741800000, 0x0000000741800000, 0x0000000741900000|  0%| F|  |TAMS 0x0000000741800000, 0x0000000741800000| Untracked 
|  11|0x0000000741900000, 0x0000000741900000, 0x0000000741a00000|  0%| F|  |TAMS 0x0000000741900000, 0x0000000741900000| Untracked 
|  12|0x0000000741a00000, 0x0000000741a00000, 0x0000000741b00000|  0%| F|  |TAMS 0x0000000741a00000, 0x0000000741a00000| Untracked 
|  13|0x0000000741b00000, 0x0000000741b00000, 0x0000000741c00000|  0%| F|  |TAMS 0x0000000741b00000, 0x0000000741b00000| Untracked 
|  14|0x0000000741c00000, 0x0000000741c00000, 0x0000000741d00000|  0%| F|  |TAMS 0x0000000741c00000, 0x0000000741c00000| Untracked 
|  15|0x0000000741d00000, 0x0000000741d00000, 0x0000000741e00000|  0%| F|  |TAMS 0x0000000741d00000, 0x0000000741d00000| Untracked 
|  16|0x0000000741e00000, 0x0000000741e00000, 0x0000000741f00000|  0%| F|  |TAMS 0x0000000741e00000, 0x0000000741e00000| Untracked 
|  17|0x0000000741f00000, 0x0000000741f00000, 0x0000000742000000|  0%| F|  |TAMS 0x0000000741f00000, 0x0000000741f00000| Untracked 
|  18|0x0000000742000000, 0x0000000742000000, 0x0000000742100000|  0%| F|  |TAMS 0x0000000742000000, 0x0000000742000000| Untracked 
|  19|0x0000000742100000, 0x0000000742100000, 0x0000000742200000|  0%| F|  |TAMS 0x0000000742100000, 0x0000000742100000| Untracked 
|  20|0x0000000742200000, 0x0000000742200000, 0x0000000742300000|  0%| F|  |TAMS 0x0000000742200000, 0x0000000742200000| Untracked 
|  21|0x0000000742300000, 0x0000000742300000, 0x0000000742400000|  0%| F|  |TAMS 0x0000000742300000, 0x0000000742300000| Untracked 
|  22|0x0000000742400000, 0x0000000742400000, 0x0000000742500000|  0%| F|  |TAMS 0x0000000742400000, 0x0000000742400000| Untracked 
|  23|0x0000000742500000, 0x0000000742500000, 0x0000000742600000|  0%| F|  |TAMS 0x0000000742500000, 0x0000000742500000| Untracked 
|  24|0x0000000742600000, 0x0000000742600000, 0x0000000742700000|  0%| F|  |TAMS 0x0000000742600000, 0x0000000742600000| Untracked 
|  25|0x0000000742700000, 0x0000000742700000, 0x0000000742800000|  0%| F|  |TAMS 0x0000000742700000, 0x0000000742700000| Untracked 
|  26|0x0000000742800000, 0x0000000742800000, 0x0000000742900000|  0%| F|  |TAMS 0x0000000742800000, 0x0000000742800000| Untracked 
|  27|0x0000000742900000, 0x0000000742900000, 0x0000000742a00000|  0%| F|  |TAMS 0x0000000742900000, 0x0000000742900000| Untracked 
|  28|0x0000000742a00000, 0x0000000742a00000, 0x0000000742b00000|  0%| F|  |TAMS 0x0000000742a00000, 0x0000000742a00000| Untracked 
|  29|0x0000000742b00000, 0x0000000742b00000, 0x0000000742c00000|  0%| F|  |TAMS 0x0000000742b00000, 0x0000000742b00000| Untracked 
|  30|0x0000000742c00000, 0x0000000742c00000, 0x0000000742d00000|  0%| F|  |TAMS 0x0000000742c00000, 0x0000000742c00000| Untracked 
|  31|0x0000000742d00000, 0x0000000742d00000, 0x0000000742e00000|  0%| F|  |TAMS 0x0000000742d00000, 0x0000000742d00000| Untracked 
|  32|0x0000000742e00000, 0x0000000742e00000, 0x0000000742f00000|  0%| F|  |TAMS 0x0000000742e00000, 0x0000000742e00000| Untracked 
|  33|0x0000000742f00000, 0x0000000742f00000, 0x0000000743000000|  0%| F|  |TAMS 0x0000000742f00000, 0x0000000742f00000| Untracked 
|  34|0x0000000743000000, 0x0000000743000000, 0x0000000743100000|  0%| F|  |TAMS 0x0000000743000000, 0x0000000743000000| Untracked 
|  35|0x0000000743100000, 0x0000000743100000, 0x0000000743200000|  0%| F|  |TAMS 0x0000000743100000, 0x0000000743100000| Untracked 
|  36|0x0000000743200000, 0x0000000743200000, 0x0000000743300000|  0%| F|  |TAMS 0x0000000743200000, 0x0000000743200000| Untracked 
|  37|0x0000000743300000, 0x0000000743300000, 0x0000000743400000|  0%| F|  |TAMS 0x0000000743300000, 0x0000000743300000| Untracked 
|  38|0x0000000743400000, 0x0000000743400000, 0x0000000743500000|  0%| F|  |TAMS 0x0000000743400000, 0x0000000743400000| Untracked 
|  39|0x0000000743500000, 0x0000000743500000, 0x0000000743600000|  0%| F|  |TAMS 0x0000000743500000, 0x0000000743500000| Untracked 
|  40|0x0000000743600000, 0x0000000743600000, 0x0000000743700000|  0%| F|  |TAMS 0x0000000743600000, 0x0000000743600000| Untracked 
|  41|0x0000000743700000, 0x0000000743700000, 0x0000000743800000|  0%| F|  |TAMS 0x0000000743700000, 0x0000000743700000| Untracked 
|  42|0x0000000743800000, 0x0000000743800000, 0x0000000743900000|  0%| F|  |TAMS 0x0000000743800000, 0x0000000743800000| Untracked 
|  43|0x0000000743900000, 0x0000000743900000, 0x0000000743a00000|  0%| F|  |TAMS 0x0000000743900000, 0x0000000743900000| Untracked 
|  44|0x0000000743a00000, 0x0000000743a00000, 0x0000000743b00000|  0%| F|  |TAMS 0x0000000743a00000, 0x0000000743a00000| Untracked 
|  45|0x0000000743b00000, 0x0000000743b00000, 0x0000000743c00000|  0%| F|  |TAMS 0x0000000743b00000, 0x0000000743b00000| Untracked 
|  46|0x0000000743c00000, 0x0000000743c00000, 0x0000000743d00000|  0%| F|  |TAMS 0x0000000743c00000, 0x0000000743c00000| Untracked 
|  47|0x0000000743d00000, 0x0000000743d00000, 0x0000000743e00000|  0%| F|  |TAMS 0x0000000743d00000, 0x0000000743d00000| Untracked 
|  48|0x0000000743e00000, 0x0000000743e00000, 0x0000000743f00000|  0%| F|  |TAMS 0x0000000743e00000, 0x0000000743e00000| Untracked 
|  49|0x0000000743f00000, 0x0000000743f00000, 0x0000000744000000|  0%| F|  |TAMS 0x0000000743f00000, 0x0000000743f00000| Untracked 
|  50|0x0000000744000000, 0x0000000744000000, 0x0000000744100000|  0%| F|  |TAMS 0x0000000744000000, 0x0000000744000000| Untracked 
|  51|0x0000000744100000, 0x0000000744100000, 0x0000000744200000|  0%| F|  |TAMS 0x0000000744100000, 0x0000000744100000| Untracked 
|  52|0x0000000744200000, 0x0000000744200000, 0x0000000744300000|  0%| F|  |TAMS 0x0000000744200000, 0x0000000744200000| Untracked 
|  53|0x0000000744300000, 0x0000000744300000, 0x0000000744400000|  0%| F|  |TAMS 0x0000000744300000, 0x0000000744300000| Untracked 
|  54|0x0000000744400000, 0x0000000744400000, 0x0000000744500000|  0%| F|  |TAMS 0x0000000744400000, 0x0000000744400000| Untracked 
|  55|0x0000000744500000, 0x0000000744500000, 0x0000000744600000|  0%| F|  |TAMS 0x0000000744500000, 0x0000000744500000| Untracked 
|  56|0x0000000744600000, 0x0000000744600000, 0x0000000744700000|  0%| F|  |TAMS 0x0000000744600000, 0x0000000744600000| Untracked 
|  57|0x0000000744700000, 0x0000000744700000, 0x0000000744800000|  0%| F|  |TAMS 0x0000000744700000, 0x0000000744700000| Untracked 
|  58|0x0000000744800000, 0x0000000744800000, 0x0000000744900000|  0%| F|  |TAMS 0x0000000744800000, 0x0000000744800000| Untracked 
|  59|0x0000000744900000, 0x0000000744900000, 0x0000000744a00000|  0%| F|  |TAMS 0x0000000744900000, 0x0000000744900000| Untracked 
|  60|0x0000000744a00000, 0x0000000744a00000, 0x0000000744b00000|  0%| F|  |TAMS 0x0000000744a00000, 0x0000000744a00000| Untracked 
|  61|0x0000000744b00000, 0x0000000744b00000, 0x0000000744c00000|  0%| F|  |TAMS 0x0000000744b00000, 0x0000000744b00000| Untracked 
|  62|0x0000000744c00000, 0x0000000744c00000, 0x0000000744d00000|  0%| F|  |TAMS 0x0000000744c00000, 0x0000000744c00000| Untracked 
|  63|0x0000000744d00000, 0x0000000744d00000, 0x0000000744e00000|  0%| F|  |TAMS 0x0000000744d00000, 0x0000000744d00000| Untracked 
|  64|0x0000000744e00000, 0x0000000744e00000, 0x0000000744f00000|  0%| F|  |TAMS 0x0000000744e00000, 0x0000000744e00000| Untracked 
|  65|0x0000000744f00000, 0x0000000744f00000, 0x0000000745000000|  0%| F|  |TAMS 0x0000000744f00000, 0x0000000744f00000| Untracked 
|  66|0x0000000745000000, 0x0000000745000000, 0x0000000745100000|  0%| F|  |TAMS 0x0000000745000000, 0x0000000745000000| Untracked 
|  67|0x0000000745100000, 0x0000000745100000, 0x0000000745200000|  0%| F|  |TAMS 0x0000000745100000, 0x0000000745100000| Untracked 
|  68|0x0000000745200000, 0x0000000745200000, 0x0000000745300000|  0%| F|  |TAMS 0x0000000745200000, 0x0000000745200000| Untracked 
|  69|0x0000000745300000, 0x0000000745300000, 0x0000000745400000|  0%| F|  |TAMS 0x0000000745300000, 0x0000000745300000| Untracked 
|  70|0x0000000745400000, 0x0000000745400000, 0x0000000745500000|  0%| F|  |TAMS 0x0000000745400000, 0x0000000745400000| Untracked 
|  71|0x0000000745500000, 0x0000000745500000, 0x0000000745600000|  0%| F|  |TAMS 0x0000000745500000, 0x0000000745500000| Untracked 
|  72|0x0000000745600000, 0x0000000745600000, 0x0000000745700000|  0%| F|  |TAMS 0x0000000745600000, 0x0000000745600000| Untracked 
|  73|0x0000000745700000, 0x0000000745700000, 0x0000000745800000|  0%| F|  |TAMS 0x0000000745700000, 0x0000000745700000| Untracked 
|  74|0x0000000745800000, 0x0000000745800000, 0x0000000745900000|  0%| F|  |TAMS 0x0000000745800000, 0x0000000745800000| Untracked 
|  75|0x0000000745900000, 0x0000000745900000, 0x0000000745a00000|  0%| F|  |TAMS 0x0000000745900000, 0x0000000745900000| Untracked 
|  76|0x0000000745a00000, 0x0000000745a00000, 0x0000000745b00000|  0%| F|  |TAMS 0x0000000745a00000, 0x0000000745a00000| Untracked 
|  77|0x0000000745b00000, 0x0000000745b00000, 0x0000000745c00000|  0%| F|  |TAMS 0x0000000745b00000, 0x0000000745b00000| Untracked 
|  78|0x0000000745c00000, 0x0000000745c00000, 0x0000000745d00000|  0%| F|  |TAMS 0x0000000745c00000, 0x0000000745c00000| Untracked 
|  79|0x0000000745d00000, 0x0000000745d00000, 0x0000000745e00000|  0%| F|  |TAMS 0x0000000745d00000, 0x0000000745d00000| Untracked 
|  80|0x0000000745e00000, 0x0000000745e00000, 0x0000000745f00000|  0%| F|  |TAMS 0x0000000745e00000, 0x0000000745e00000| Untracked 
|  81|0x0000000745f00000, 0x0000000745f00000, 0x0000000746000000|  0%| F|  |TAMS 0x0000000745f00000, 0x0000000745f00000| Untracked 
|  82|0x0000000746000000, 0x0000000746000000, 0x0000000746100000|  0%| F|  |TAMS 0x0000000746000000, 0x0000000746000000| Untracked 
|  83|0x0000000746100000, 0x0000000746100000, 0x0000000746200000|  0%| F|  |TAMS 0x0000000746100000, 0x0000000746100000| Untracked 
|  84|0x0000000746200000, 0x0000000746200000, 0x0000000746300000|  0%| F|  |TAMS 0x0000000746200000, 0x0000000746200000| Untracked 
|  85|0x0000000746300000, 0x0000000746300000, 0x0000000746400000|  0%| F|  |TAMS 0x0000000746300000, 0x0000000746300000| Untracked 
|  86|0x0000000746400000, 0x0000000746400000, 0x0000000746500000|  0%| F|  |TAMS 0x0000000746400000, 0x0000000746400000| Untracked 
|  87|0x0000000746500000, 0x0000000746500000, 0x0000000746600000|  0%| F|  |TAMS 0x0000000746500000, 0x0000000746500000| Untracked 
|  88|0x0000000746600000, 0x0000000746600000, 0x0000000746700000|  0%| F|  |TAMS 0x0000000746600000, 0x0000000746600000| Untracked 
|  89|0x0000000746700000, 0x0000000746700000, 0x0000000746800000|  0%| F|  |TAMS 0x0000000746700000, 0x0000000746700000| Untracked 
|  90|0x0000000746800000, 0x0000000746800000, 0x0000000746900000|  0%| F|  |TAMS 0x0000000746800000, 0x0000000746800000| Untracked 
|  91|0x0000000746900000, 0x0000000746900000, 0x0000000746a00000|  0%| F|  |TAMS 0x0000000746900000, 0x0000000746900000| Untracked 
|  92|0x0000000746a00000, 0x0000000746a00000, 0x0000000746b00000|  0%| F|  |TAMS 0x0000000746a00000, 0x0000000746a00000| Untracked 
|  93|0x0000000746b00000, 0x0000000746b00000, 0x0000000746c00000|  0%| F|  |TAMS 0x0000000746b00000, 0x0000000746b00000| Untracked 
|  94|0x0000000746c00000, 0x0000000746c00000, 0x0000000746d00000|  0%| F|  |TAMS 0x0000000746c00000, 0x0000000746c00000| Untracked 
|  95|0x0000000746d00000, 0x0000000746d00000, 0x0000000746e00000|  0%| F|  |TAMS 0x0000000746d00000, 0x0000000746d00000| Untracked 
|  96|0x0000000746e00000, 0x0000000746e00000, 0x0000000746f00000|  0%| F|  |TAMS 0x0000000746e00000, 0x0000000746e00000| Untracked 
|  97|0x0000000746f00000, 0x0000000746f00000, 0x0000000747000000|  0%| F|  |TAMS 0x0000000746f00000, 0x0000000746f00000| Untracked 
|  98|0x0000000747000000, 0x0000000747000000, 0x0000000747100000|  0%| F|  |TAMS 0x0000000747000000, 0x0000000747000000| Untracked 
|  99|0x0000000747100000, 0x0000000747100000, 0x0000000747200000|  0%| F|  |TAMS 0x0000000747100000, 0x0000000747100000| Untracked 
| 100|0x0000000747200000, 0x0000000747200000, 0x0000000747300000|  0%| F|  |TAMS 0x0000000747200000, 0x0000000747200000| Untracked 
| 101|0x0000000747300000, 0x0000000747300000, 0x0000000747400000|  0%| F|  |TAMS 0x0000000747300000, 0x0000000747300000| Untracked 
| 102|0x0000000747400000, 0x0000000747400000, 0x0000000747500000|  0%| F|  |TAMS 0x0000000747400000, 0x0000000747400000| Untracked 
| 103|0x0000000747500000, 0x0000000747500000, 0x0000000747600000|  0%| F|  |TAMS 0x0000000747500000, 0x0000000747500000| Untracked 
| 104|0x0000000747600000, 0x0000000747600000, 0x0000000747700000|  0%| F|  |TAMS 0x0000000747600000, 0x0000000747600000| Untracked 
| 105|0x0000000747700000, 0x0000000747700000, 0x0000000747800000|  0%| F|  |TAMS 0x0000000747700000, 0x0000000747700000| Untracked 
| 106|0x0000000747800000, 0x0000000747800000, 0x0000000747900000|  0%| F|  |TAMS 0x0000000747800000, 0x0000000747800000| Untracked 
| 107|0x0000000747900000, 0x0000000747900000, 0x0000000747a00000|  0%| F|  |TAMS 0x0000000747900000, 0x0000000747900000| Untracked 
| 108|0x0000000747a00000, 0x0000000747a00000, 0x0000000747b00000|  0%| F|  |TAMS 0x0000000747a00000, 0x0000000747a00000| Untracked 
| 109|0x0000000747b00000, 0x0000000747b00000, 0x0000000747c00000|  0%| F|  |TAMS 0x0000000747b00000, 0x0000000747b00000| Untracked 
| 110|0x0000000747c00000, 0x0000000747c00000, 0x0000000747d00000|  0%| F|  |TAMS 0x0000000747c00000, 0x0000000747c00000| Untracked 
| 111|0x0000000747d00000, 0x0000000747d00000, 0x0000000747e00000|  0%| F|  |TAMS 0x0000000747d00000, 0x0000000747d00000| Untracked 
| 112|0x0000000747e00000, 0x0000000747e00000, 0x0000000747f00000|  0%| F|  |TAMS 0x0000000747e00000, 0x0000000747e00000| Untracked 
| 113|0x0000000747f00000, 0x0000000747f00000, 0x0000000748000000|  0%| F|  |TAMS 0x0000000747f00000, 0x0000000747f00000| Untracked 
| 114|0x0000000748000000, 0x0000000748000000, 0x0000000748100000|  0%| F|  |TAMS 0x0000000748000000, 0x0000000748000000| Untracked 
| 115|0x0000000748100000, 0x0000000748100000, 0x0000000748200000|  0%| F|  |TAMS 0x0000000748100000, 0x0000000748100000| Untracked 
| 116|0x0000000748200000, 0x0000000748200000, 0x0000000748300000|  0%| F|  |TAMS 0x0000000748200000, 0x0000000748200000| Untracked 
| 117|0x0000000748300000, 0x0000000748300000, 0x0000000748400000|  0%| F|  |TAMS 0x0000000748300000, 0x0000000748300000| Untracked 
| 118|0x0000000748400000, 0x0000000748400000, 0x0000000748500000|  0%| F|  |TAMS 0x0000000748400000, 0x0000000748400000| Untracked 
| 119|0x0000000748500000, 0x0000000748500000, 0x0000000748600000|  0%| F|  |TAMS 0x0000000748500000, 0x0000000748500000| Untracked 
| 120|0x0000000748600000, 0x0000000748600000, 0x0000000748700000|  0%| F|  |TAMS 0x0000000748600000, 0x0000000748600000| Untracked 
| 121|0x0000000748700000, 0x0000000748700000, 0x0000000748800000|  0%| F|  |TAMS 0x0000000748700000, 0x0000000748700000| Untracked 
| 122|0x0000000748800000, 0x0000000748800000, 0x0000000748900000|  0%| F|  |TAMS 0x0000000748800000, 0x0000000748800000| Untracked 
| 123|0x0000000748900000, 0x0000000748900000, 0x0000000748a00000|  0%| F|  |TAMS 0x0000000748900000, 0x0000000748900000| Untracked 
| 124|0x0000000748a00000, 0x0000000748a00000, 0x0000000748b00000|  0%| F|  |TAMS 0x0000000748a00000, 0x0000000748a00000| Untracked 
| 125|0x0000000748b00000, 0x0000000748b00000, 0x0000000748c00000|  0%| F|  |TAMS 0x0000000748b00000, 0x0000000748b00000| Untracked 
| 126|0x0000000748c00000, 0x0000000748c00000, 0x0000000748d00000|  0%| F|  |TAMS 0x0000000748c00000, 0x0000000748c00000| Untracked 
| 127|0x0000000748d00000, 0x0000000748d00000, 0x0000000748e00000|  0%| F|  |TAMS 0x0000000748d00000, 0x0000000748d00000| Untracked 
| 128|0x0000000748e00000, 0x0000000748e00000, 0x0000000748f00000|  0%| F|  |TAMS 0x0000000748e00000, 0x0000000748e00000| Untracked 
| 129|0x0000000748f00000, 0x0000000748f00000, 0x0000000749000000|  0%| F|  |TAMS 0x0000000748f00000, 0x0000000748f00000| Untracked 
| 130|0x0000000749000000, 0x0000000749000000, 0x0000000749100000|  0%| F|  |TAMS 0x0000000749000000, 0x0000000749000000| Untracked 
| 131|0x0000000749100000, 0x0000000749100000, 0x0000000749200000|  0%| F|  |TAMS 0x0000000749100000, 0x0000000749100000| Untracked 
| 132|0x0000000749200000, 0x0000000749200000, 0x0000000749300000|  0%| F|  |TAMS 0x0000000749200000, 0x0000000749200000| Untracked 
| 133|0x0000000749300000, 0x0000000749300000, 0x0000000749400000|  0%| F|  |TAMS 0x0000000749300000, 0x0000000749300000| Untracked 
| 134|0x0000000749400000, 0x0000000749400000, 0x0000000749500000|  0%| F|  |TAMS 0x0000000749400000, 0x0000000749400000| Untracked 
| 135|0x0000000749500000, 0x0000000749500000, 0x0000000749600000|  0%| F|  |TAMS 0x0000000749500000, 0x0000000749500000| Untracked 
| 136|0x0000000749600000, 0x0000000749600000, 0x0000000749700000|  0%| F|  |TAMS 0x0000000749600000, 0x0000000749600000| Untracked 
| 137|0x0000000749700000, 0x0000000749700000, 0x0000000749800000|  0%| F|  |TAMS 0x0000000749700000, 0x0000000749700000| Untracked 
| 138|0x0000000749800000, 0x0000000749800000, 0x0000000749900000|  0%| F|  |TAMS 0x0000000749800000, 0x0000000749800000| Untracked 
| 139|0x0000000749900000, 0x0000000749900000, 0x0000000749a00000|  0%| F|  |TAMS 0x0000000749900000, 0x0000000749900000| Untracked 
| 140|0x0000000749a00000, 0x0000000749a00000, 0x0000000749b00000|  0%| F|  |TAMS 0x0000000749a00000, 0x0000000749a00000| Untracked 
| 141|0x0000000749b00000, 0x0000000749b00000, 0x0000000749c00000|  0%| F|  |TAMS 0x0000000749b00000, 0x0000000749b00000| Untracked 
| 142|0x0000000749c00000, 0x0000000749c00000, 0x0000000749d00000|  0%| F|  |TAMS 0x0000000749c00000, 0x0000000749c00000| Untracked 
| 143|0x0000000749d00000, 0x0000000749d00000, 0x0000000749e00000|  0%| F|  |TAMS 0x0000000749d00000, 0x0000000749d00000| Untracked 
| 144|0x0000000749e00000, 0x0000000749e00000, 0x0000000749f00000|  0%| F|  |TAMS 0x0000000749e00000, 0x0000000749e00000| Untracked 
| 145|0x0000000749f00000, 0x0000000749f00000, 0x000000074a000000|  0%| F|  |TAMS 0x0000000749f00000, 0x0000000749f00000| Untracked 
| 146|0x000000074a000000, 0x000000074a000000, 0x000000074a100000|  0%| F|  |TAMS 0x000000074a000000, 0x000000074a000000| Untracked 
| 147|0x000000074a100000, 0x000000074a100000, 0x000000074a200000|  0%| F|  |TAMS 0x000000074a100000, 0x000000074a100000| Untracked 
| 148|0x000000074a200000, 0x000000074a200000, 0x000000074a300000|  0%| F|  |TAMS 0x000000074a200000, 0x000000074a200000| Untracked 
| 149|0x000000074a300000, 0x000000074a300000, 0x000000074a400000|  0%| F|  |TAMS 0x000000074a300000, 0x000000074a300000| Untracked 
| 150|0x000000074a400000, 0x000000074a400000, 0x000000074a500000|  0%| F|  |TAMS 0x000000074a400000, 0x000000074a400000| Untracked 
| 151|0x000000074a500000, 0x000000074a500000, 0x000000074a600000|  0%| F|  |TAMS 0x000000074a500000, 0x000000074a500000| Untracked 
| 152|0x000000074a600000, 0x000000074a600000, 0x000000074a700000|  0%| F|  |TAMS 0x000000074a600000, 0x000000074a600000| Untracked 
| 153|0x000000074a700000, 0x000000074a700000, 0x000000074a800000|  0%| F|  |TAMS 0x000000074a700000, 0x000000074a700000| Untracked 
| 154|0x000000074a800000, 0x000000074a800000, 0x000000074a900000|  0%| F|  |TAMS 0x000000074a800000, 0x000000074a800000| Untracked 
| 155|0x000000074a900000, 0x000000074a900000, 0x000000074aa00000|  0%| F|  |TAMS 0x000000074a900000, 0x000000074a900000| Untracked 
| 156|0x000000074aa00000, 0x000000074aa00000, 0x000000074ab00000|  0%| F|  |TAMS 0x000000074aa00000, 0x000000074aa00000| Untracked 
| 157|0x000000074ab00000, 0x000000074ab00000, 0x000000074ac00000|  0%| F|  |TAMS 0x000000074ab00000, 0x000000074ab00000| Untracked 
| 158|0x000000074ac00000, 0x000000074ac00000, 0x000000074ad00000|  0%| F|  |TAMS 0x000000074ac00000, 0x000000074ac00000| Untracked 
| 159|0x000000074ad00000, 0x000000074ad00000, 0x000000074ae00000|  0%| F|  |TAMS 0x000000074ad00000, 0x000000074ad00000| Untracked 
| 160|0x000000074ae00000, 0x000000074ae00000, 0x000000074af00000|  0%| F|  |TAMS 0x000000074ae00000, 0x000000074ae00000| Untracked 
| 161|0x000000074af00000, 0x000000074af00000, 0x000000074b000000|  0%| F|  |TAMS 0x000000074af00000, 0x000000074af00000| Untracked 
| 162|0x000000074b000000, 0x000000074b000000, 0x000000074b100000|  0%| F|  |TAMS 0x000000074b000000, 0x000000074b000000| Untracked 
| 163|0x000000074b100000, 0x000000074b100000, 0x000000074b200000|  0%| F|  |TAMS 0x000000074b100000, 0x000000074b100000| Untracked 
| 164|0x000000074b200000, 0x000000074b200000, 0x000000074b300000|  0%| F|  |TAMS 0x000000074b200000, 0x000000074b200000| Untracked 
| 165|0x000000074b300000, 0x000000074b300000, 0x000000074b400000|  0%| F|  |TAMS 0x000000074b300000, 0x000000074b300000| Untracked 
| 166|0x000000074b400000, 0x000000074b400000, 0x000000074b500000|  0%| F|  |TAMS 0x000000074b400000, 0x000000074b400000| Untracked 
| 167|0x000000074b500000, 0x000000074b500000, 0x000000074b600000|  0%| F|  |TAMS 0x000000074b500000, 0x000000074b500000| Untracked 
| 168|0x000000074b600000, 0x000000074b600000, 0x000000074b700000|  0%| F|  |TAMS 0x000000074b600000, 0x000000074b600000| Untracked 
| 169|0x000000074b700000, 0x000000074b700000, 0x000000074b800000|  0%| F|  |TAMS 0x000000074b700000, 0x000000074b700000| Untracked 
| 170|0x000000074b800000, 0x000000074b800000, 0x000000074b900000|  0%| F|  |TAMS 0x000000074b800000, 0x000000074b800000| Untracked 
| 171|0x000000074b900000, 0x000000074b900000, 0x000000074ba00000|  0%| F|  |TAMS 0x000000074b900000, 0x000000074b900000| Untracked 
| 172|0x000000074ba00000, 0x000000074ba00000, 0x000000074bb00000|  0%| F|  |TAMS 0x000000074ba00000, 0x000000074ba00000| Untracked 
| 173|0x000000074bb00000, 0x000000074bb00000, 0x000000074bc00000|  0%| F|  |TAMS 0x000000074bb00000, 0x000000074bb00000| Untracked 
| 174|0x000000074bc00000, 0x000000074bc00000, 0x000000074bd00000|  0%| F|  |TAMS 0x000000074bc00000, 0x000000074bc00000| Untracked 
| 175|0x000000074bd00000, 0x000000074bd00000, 0x000000074be00000|  0%| F|  |TAMS 0x000000074bd00000, 0x000000074bd00000| Untracked 
| 176|0x000000074be00000, 0x000000074be00000, 0x000000074bf00000|  0%| F|  |TAMS 0x000000074be00000, 0x000000074be00000| Untracked 
| 177|0x000000074bf00000, 0x000000074bf00000, 0x000000074c000000|  0%| F|  |TAMS 0x000000074bf00000, 0x000000074bf00000| Untracked 
| 178|0x000000074c000000, 0x000000074c000000, 0x000000074c100000|  0%| F|  |TAMS 0x000000074c000000, 0x000000074c000000| Untracked 
| 179|0x000000074c100000, 0x000000074c100000, 0x000000074c200000|  0%| F|  |TAMS 0x000000074c100000, 0x000000074c100000| Untracked 
| 180|0x000000074c200000, 0x000000074c200000, 0x000000074c300000|  0%| F|  |TAMS 0x000000074c200000, 0x000000074c200000| Untracked 
| 181|0x000000074c300000, 0x000000074c300000, 0x000000074c400000|  0%| F|  |TAMS 0x000000074c300000, 0x000000074c300000| Untracked 
| 182|0x000000074c400000, 0x000000074c400000, 0x000000074c500000|  0%| F|  |TAMS 0x000000074c400000, 0x000000074c400000| Untracked 
| 183|0x000000074c500000, 0x000000074c500000, 0x000000074c600000|  0%| F|  |TAMS 0x000000074c500000, 0x000000074c500000| Untracked 
| 184|0x000000074c600000, 0x000000074c600000, 0x000000074c700000|  0%| F|  |TAMS 0x000000074c600000, 0x000000074c600000| Untracked 
| 185|0x000000074c700000, 0x000000074c700000, 0x000000074c800000|  0%| F|  |TAMS 0x000000074c700000, 0x000000074c700000| Untracked 
| 186|0x000000074c800000, 0x000000074c800000, 0x000000074c900000|  0%| F|  |TAMS 0x000000074c800000, 0x000000074c800000| Untracked 
| 187|0x000000074c900000, 0x000000074c900000, 0x000000074ca00000|  0%| F|  |TAMS 0x000000074c900000, 0x000000074c900000| Untracked 
| 188|0x000000074ca00000, 0x000000074ca00000, 0x000000074cb00000|  0%| F|  |TAMS 0x000000074ca00000, 0x000000074ca00000| Untracked 
| 189|0x000000074cb00000, 0x000000074cbd8920, 0x000000074cc00000| 84%| E|  |TAMS 0x000000074cb00000, 0x000000074cb00000| Complete 
| 190|0x000000074cc00000, 0x000000074cd00000, 0x000000074cd00000|100%| E|CS|TAMS 0x000000074cc00000, 0x000000074cc00000| Complete 
| 191|0x000000074cd00000, 0x000000074ce00000, 0x000000074ce00000|100%| E|CS|TAMS 0x000000074cd00000, 0x000000074cd00000| Complete 

Card table byte_map: [0x0000024b331a0000,0x0000024b337a0000] _byte_map_base: 0x0000024b2f799000

Marking Bits (Prev, Next): (CMBitMap*) 0x0000024b1b451678, (CMBitMap*) 0x0000024b1b4516b0
 Prev Bits: [0x0000024b33da0000, 0x0000024b36d68000)
 Next Bits: [0x0000024b36d70000, 0x0000024b39d38000)

Polling page: 0x0000024b19420000

Metaspace:

Usage:
  Non-class:      6.06 MB capacity,     5.99 MB ( 99%) used,    71.98 KB (  1%) free+waste,     4.50 KB ( <1%) overhead. 
      Class:    643.00 KB capacity,   582.12 KB ( 91%) used,    58.70 KB (  9%) free+waste,     2.19 KB ( <1%) overhead. 
       Both:      6.69 MB capacity,     6.56 MB ( 98%) used,   130.67 KB (  2%) free+waste,     6.69 KB ( <1%) overhead. 

Virtual space:
  Non-class space:        8.00 MB reserved,       6.25 MB ( 78%) committed 
      Class space:        1.00 GB reserved,     768.00 KB ( <1%) committed 
             Both:        1.01 GB reserved,       7.00 MB ( <1%) committed 

Chunk freelists:
   Non-Class:  1.00 KB
       Class:  29.00 KB
        Both:  30.00 KB

MaxMetaspaceSize: 17179869184.00 GB
CompressedClassSpaceSize: 1.00 GB
Initial GC threshold: 20.80 MB
Current GC threshold: 20.80 MB
CDS: off

CodeHeap 'non-profiled nmethods': size=120064Kb used=103Kb max_used=103Kb free=119961Kb
 bounds [0x0000024b2b660000, 0x0000024b2b8d0000, 0x0000024b32ba0000]
CodeHeap 'profiled nmethods': size=120000Kb used=401Kb max_used=401Kb free=119598Kb
 bounds [0x0000024b24130000, 0x0000024b243a0000, 0x0000024b2b660000]
CodeHeap 'non-nmethods': size=5696Kb used=1098Kb max_used=1110Kb free=4597Kb
 bounds [0x0000024b23ba0000, 0x0000024b23e10000, 0x0000024b24130000]
 total_blobs=668 nmethods=326 adapters=256
 compilation: enabled
              stopped_count=0, restarted_count=0
 full_count=0

Compilation events (20 events):
Event: 0.406 Thread 0x0000024b3cae4800 nmethod 317 0x0000024b24190510 code [0x0000024b24190740, 0x0000024b24190ea8]
Event: 0.406 Thread 0x0000024b3cae4800  318   !   3       jdk.internal.loader.URLClassPath$JarLoader::getResource (65 bytes)
Event: 0.407 Thread 0x0000024b3cae3000 nmethod 315% 0x0000024b2b679110 code [0x0000024b2b6792a0, 0x0000024b2b6794d8]
Event: 0.407 Thread 0x0000024b3cae4800 nmethod 318 0x0000024b24191110 code [0x0000024b241913e0, 0x0000024b241922e8]
Event: 0.410 Thread 0x0000024b3cae4800  319       3       sun.nio.cs.SingleByte$Encoder::encode (32 bytes)
Event: 0.410 Thread 0x0000024b3cae4800 nmethod 319 0x0000024b24192810 code [0x0000024b241929c0, 0x0000024b24192b78]
Event: 0.410 Thread 0x0000024b3cae4800  320       3       java.lang.StringUTF16::checkBoundsBeginEnd (10 bytes)
Event: 0.410 Thread 0x0000024b3cae4800 nmethod 320 0x0000024b24192c90 code [0x0000024b24192e60, 0x0000024b24192fc8]
Event: 0.410 Thread 0x0000024b3cae4800  321       3       java.util.Collections$UnmodifiableCollection$1::next (10 bytes)
Event: 0.410 Thread 0x0000024b3cae4800 nmethod 321 0x0000024b24193110 code [0x0000024b241932c0, 0x0000024b24193488]
Event: 0.410 Thread 0x0000024b3cae4800  322       1       java.nio.Buffer::position (5 bytes)
Event: 0.410 Thread 0x0000024b3cae4800 nmethod 322 0x0000024b2b679610 code [0x0000024b2b6797c0, 0x0000024b2b679878]
Event: 0.410 Thread 0x0000024b3cae4800  323       1       java.nio.Buffer::limit (5 bytes)
Event: 0.410 Thread 0x0000024b3cae4800 nmethod 323 0x0000024b2b679910 code [0x0000024b2b679ac0, 0x0000024b2b679b78]
Event: 0.412 Thread 0x0000024b3cae4800  324       3       java.nio.Buffer::position (52 bytes)
Event: 0.412 Thread 0x0000024b3cae4800 nmethod 324 0x0000024b24193590 code [0x0000024b24193760, 0x0000024b241939c8]
Event: 0.412 Thread 0x0000024b3cae4800  325       3       java.nio.ByteBuffer::arrayOffset (35 bytes)
Event: 0.413 Thread 0x0000024b3cae4800 nmethod 325 0x0000024b24193a90 code [0x0000024b24193c60, 0x0000024b24193ed8]
Event: 0.413 Thread 0x0000024b3cae4800  326       3       java.nio.CharBuffer::arrayOffset (35 bytes)
Event: 0.413 Thread 0x0000024b3cae4800 nmethod 326 0x0000024b24194010 code [0x0000024b241941e0, 0x0000024b24194458]

GC Heap History (0 events):
No events

Deoptimization events (20 events):
Event: 0.204 Thread 0x0000024b1b400800 Uncommon trap: trap_request=0xffffff4d fr.pc=0x0000024b2b66a6a0 relative=0x0000000000000180
Event: 0.204 Thread 0x0000024b1b400800 Uncommon trap: reason=unstable_if action=reinterpret pc=0x0000024b2b66a6a0 method=java.lang.String.equals(Ljava/lang/Object;)Z @ 27 c2
Event: 0.204 Thread 0x0000024b1b400800 DEOPT PACKING pc=0x0000024b2b66a6a0 sp=0x000000dce6afed60
Event: 0.204 Thread 0x0000024b1b400800 DEOPT UNPACKING pc=0x0000024b23bea1a9 sp=0x000000dce6afed00 mode 2
Event: 0.223 Thread 0x0000024b1b400800 Uncommon trap: trap_request=0xffffffde fr.pc=0x0000024b2b66da8c relative=0x0000000000000b0c
Event: 0.223 Thread 0x0000024b1b400800 Uncommon trap: reason=class_check action=maybe_recompile pc=0x0000024b2b66da8c method=java.util.HashMap.putVal(ILjava/lang/Object;Ljava/lang/Object;ZZ)Ljava/lang/Object; @ 152 c2
Event: 0.223 Thread 0x0000024b1b400800 DEOPT PACKING pc=0x0000024b2b66da8c sp=0x000000dce6af6ad0
Event: 0.223 Thread 0x0000024b1b400800 DEOPT UNPACKING pc=0x0000024b23bea1a9 sp=0x000000dce6af6a50 mode 2
Event: 0.252 Thread 0x0000024b1b400800 Uncommon trap: trap_request=0xffffffde fr.pc=0x0000024b2b66da8c relative=0x0000000000000b0c
Event: 0.252 Thread 0x0000024b1b400800 Uncommon trap: reason=class_check action=maybe_recompile pc=0x0000024b2b66da8c method=java.util.HashMap.putVal(ILjava/lang/Object;Ljava/lang/Object;ZZ)Ljava/lang/Object; @ 152 c2
Event: 0.252 Thread 0x0000024b1b400800 DEOPT PACKING pc=0x0000024b2b66da8c sp=0x000000dce6afcd40
Event: 0.252 Thread 0x0000024b1b400800 DEOPT UNPACKING pc=0x0000024b23bea1a9 sp=0x000000dce6afccc0 mode 2
Event: 0.291 Thread 0x0000024b1b400800 Uncommon trap: trap_request=0xffffffde fr.pc=0x0000024b2b66da8c relative=0x0000000000000b0c
Event: 0.291 Thread 0x0000024b1b400800 Uncommon trap: reason=class_check action=maybe_recompile pc=0x0000024b2b66da8c method=java.util.HashMap.putVal(ILjava/lang/Object;Ljava/lang/Object;ZZ)Ljava/lang/Object; @ 152 c2
Event: 0.291 Thread 0x0000024b1b400800 DEOPT PACKING pc=0x0000024b2b66da8c sp=0x000000dce6afb040
Event: 0.291 Thread 0x0000024b1b400800 DEOPT UNPACKING pc=0x0000024b23bea1a9 sp=0x000000dce6afafc0 mode 2
Event: 0.291 Thread 0x0000024b1b400800 Uncommon trap: trap_request=0xffffffde fr.pc=0x0000024b2b66da8c relative=0x0000000000000b0c
Event: 0.291 Thread 0x0000024b1b400800 Uncommon trap: reason=class_check action=maybe_recompile pc=0x0000024b2b66da8c method=java.util.HashMap.putVal(ILjava/lang/Object;Ljava/lang/Object;ZZ)Ljava/lang/Object; @ 152 c2
Event: 0.291 Thread 0x0000024b1b400800 DEOPT PACKING pc=0x0000024b2b66da8c sp=0x000000dce6afb040
Event: 0.291 Thread 0x0000024b1b400800 DEOPT UNPACKING pc=0x0000024b23bea1a9 sp=0x000000dce6afafc0 mode 2

Classes redefined (0 events):
No events

Internal exceptions (2 events):
Event: 0.409 Thread 0x0000024b1b400800 Exception <a 'java/io/FileNotFoundException'{0x000000074cbc6230}> (0x000000074cbc6230) thrown at [s\src\hotspot\share\prims\jni.cpp, line 617]
Event: 0.412 Thread 0x0000024b1b400800 Exception <a 'java/lang/reflect/InvocationTargetException'{0x000000074cbcc448}> (0x000000074cbcc448) thrown at [s\src\hotspot\share\runtime\reflection.cpp, line 1245]

Events (20 events):
Event: 0.405 loading class org/jacoco/agent/rt/internal_43f5073/Agent$2
Event: 0.405 loading class org/jacoco/agent/rt/internal_43f5073/Agent$2 done
Event: 0.406 loading class java/lang/NoSuchFieldError
Event: 0.406 loading class java/lang/IncompatibleClassChangeError
Event: 0.406 loading class java/lang/IncompatibleClassChangeError done
Event: 0.406 loading class java/lang/NoSuchFieldError done
Event: 0.406 loading class org/jacoco/agent/rt/internal_43f5073/output/FileOutput
Event: 0.406 loading class org/jacoco/agent/rt/internal_43f5073/output/FileOutput done
Event: 0.409 loading class java/io/FileNotFoundException
Event: 0.409 loading class java/io/FileNotFoundException done
Event: 0.409 Executing VM operation: Deoptimize
Event: 0.409 Executing VM operation: Deoptimize done
Event: 0.409 loading class java/lang/Throwable$WrappedPrintStream
Event: 0.409 loading class java/lang/Throwable$PrintStreamOrWriter
Event: 0.409 loading class java/lang/Throwable$PrintStreamOrWriter done
Event: 0.409 loading class java/lang/Throwable$WrappedPrintStream done
Event: 0.410 loading class java/lang/StackTraceElement$HashedModules
Event: 0.410 loading class java/lang/StackTraceElement$HashedModules done
Event: 0.411 loading class java/lang/reflect/InvocationTargetException
Event: 0.411 loading class java/lang/reflect/InvocationTargetException done


Dynamic libraries:
0x00007ff6af430000 - 0x00007ff6af43e000 	C:\Users\Никита\.jdks\corretto-11.0.21\bin\java.exe
0x00007ffa7f390000 - 0x00007ffa7f588000 	C:\WINDOWS\SYSTEM32\ntdll.dll
0x00007ffa7e860000 - 0x00007ffa7e91d000 	C:\WINDOWS\System32\KERNEL32.DLL
0x00007ffa7cae0000 - 0x00007ffa7cdd6000 	C:\WINDOWS\System32\KERNELBASE.dll
0x00007ffa7d1d0000 - 0x00007ffa7d2d0000 	C:\WINDOWS\System32\ucrtbase.dll
0x00007ffa64270000 - 0x00007ffa64287000 	C:\Users\Никита\.jdks\corretto-11.0.21\bin\jli.dll
0x00007ffa7ef30000 - 0x00007ffa7f0ce000 	C:\WINDOWS\System32\USER32.dll
0x00007ffa7d370000 - 0x00007ffa7d392000 	C:\WINDOWS\System32\win32u.dll
0x00007ffa7e830000 - 0x00007ffa7e85c000 	C:\WINDOWS\System32\GDI32.dll
0x00007ffa7cff0000 - 0x00007ffa7d10a000 	C:\WINDOWS\System32\gdi32full.dll
0x00007ffa7d2d0000 - 0x00007ffa7d36d000 	C:\WINDOWS\System32\msvcp_win.dll
0x00007ffa5f830000 - 0x00007ffa5f84b000 	C:\Users\Никита\.jdks\corretto-11.0.21\bin\VCRUNTIME140.dll
0x00007ffa67b60000 - 0x00007ffa67dfa000 	C:\WINDOWS\WinSxS\amd64_microsoft.windows.common-controls_6595b64144ccf1df_6.0.19041.3636_none_60b6a03d71f818d5\COMCTL32.dll
0x00007ffa7f2b0000 - 0x00007ffa7f34e000 	C:\WINDOWS\System32\msvcrt.dll
0x00007ffa7f140000 - 0x00007ffa7f170000 	C:\WINDOWS\System32\IMM32.DLL
0x00007ffa5c8b0000 - 0x00007ffa5c8bc000 	C:\Users\Никита\.jdks\corretto-11.0.21\bin\vcruntime140_1.dll
0x00007ffa521c0000 - 0x00007ffa5224d000 	C:\Users\Никита\.jdks\corretto-11.0.21\bin\msvcp140.dll
0x00007ffa0e6e0000 - 0x00007ffa0f2a3000 	C:\Users\Никита\.jdks\corretto-11.0.21\bin\server\jvm.dll
0x00007ffa7db10000 - 0x00007ffa7dbbf000 	C:\WINDOWS\System32\ADVAPI32.dll
0x00007ffa7d5a0000 - 0x00007ffa7d63c000 	C:\WINDOWS\System32\sechost.dll
0x00007ffa7e5c0000 - 0x00007ffa7e6e6000 	C:\WINDOWS\System32\RPCRT4.dll
0x00007ffa7e7c0000 - 0x00007ffa7e7c8000 	C:\WINDOWS\System32\PSAPI.DLL
0x00007ffa61e00000 - 0x00007ffa61e09000 	C:\WINDOWS\SYSTEM32\WSOCK32.dll
0x00007ffa7f0d0000 - 0x00007ffa7f13b000 	C:\WINDOWS\System32\WS2_32.dll
0x00007ffa6d380000 - 0x00007ffa6d3a7000 	C:\WINDOWS\SYSTEM32\WINMM.dll
0x00007ffa774e0000 - 0x00007ffa774ea000 	C:\WINDOWS\SYSTEM32\VERSION.dll
0x00007ffa7a870000 - 0x00007ffa7a882000 	C:\WINDOWS\SYSTEM32\kernel.appcore.dll
0x00007ffa58d10000 - 0x00007ffa58d20000 	C:\Users\Никита\.jdks\corretto-11.0.21\bin\verify.dll
0x00007ffa60b70000 - 0x00007ffa60d54000 	C:\WINDOWS\SYSTEM32\DBGHELP.DLL
0x00007ffa60b30000 - 0x00007ffa60b64000 	C:\WINDOWS\SYSTEM32\dbgcore.DLL
0x00007ffa7d140000 - 0x00007ffa7d1c2000 	C:\WINDOWS\System32\bcryptPrimitives.dll
0x00007ffa53250000 - 0x00007ffa53278000 	C:\Users\Никита\.jdks\corretto-11.0.21\bin\java.dll
0x00007ffa58c90000 - 0x00007ffa58c9a000 	C:\Users\Никита\.jdks\corretto-11.0.21\bin\jimage.dll
0x00007ffa6ad00000 - 0x00007ffa6ad0e000 	C:\Users\Никита\.jdks\corretto-11.0.21\bin\instrument.dll
0x00007ffa53230000 - 0x00007ffa53248000 	C:\Users\Никита\.jdks\corretto-11.0.21\bin\zip.dll
0x00007ffa7de50000 - 0x00007ffa7e595000 	C:\WINDOWS\System32\SHELL32.dll
0x00007ffa7ab50000 - 0x00007ffa7b2eb000 	C:\WINDOWS\SYSTEM32\windows.storage.dll
0x00007ffa7d640000 - 0x00007ffa7d994000 	C:\WINDOWS\System32\combase.dll
0x00007ffa7c3e0000 - 0x00007ffa7c40d000 	C:\WINDOWS\SYSTEM32\Wldp.dll
0x00007ffa7da00000 - 0x00007ffa7daad000 	C:\WINDOWS\System32\SHCORE.dll
0x00007ffa7dab0000 - 0x00007ffa7db05000 	C:\WINDOWS\System32\shlwapi.dll
0x00007ffa7c9a0000 - 0x00007ffa7c9c5000 	C:\WINDOWS\SYSTEM32\profapi.dll
0x00007ffa53210000 - 0x00007ffa53229000 	C:\Users\Никита\.jdks\corretto-11.0.21\bin\net.dll
0x00007ffa77db0000 - 0x00007ffa77eba000 	C:\WINDOWS\SYSTEM32\WINHTTP.dll
0x00007ffa7c140000 - 0x00007ffa7c1aa000 	C:\WINDOWS\system32\mswsock.dll
0x00007ffa529a0000 - 0x00007ffa529b2000 	C:\Users\Никита\.jdks\corretto-11.0.21\bin\nio.dll
0x00007ffa69d70000 - 0x00007ffa69d87000 	C:\WINDOWS\system32\napinsp.dll
0x00007ffa69b60000 - 0x00007ffa69b7b000 	C:\WINDOWS\system32\pnrpnsp.dll
0x00007ffa68ab0000 - 0x00007ffa68ac5000 	C:\WINDOWS\system32\wshbth.dll
0x00007ffa78280000 - 0x00007ffa7829d000 	C:\WINDOWS\system32\NLAapi.dll
0x00007ffa7be30000 - 0x00007ffa7be6b000 	C:\WINDOWS\SYSTEM32\IPHLPAPI.DLL
0x00007ffa7be70000 - 0x00007ffa7bf3a000 	C:\WINDOWS\SYSTEM32\DNSAPI.dll
0x00007ffa7ee00000 - 0x00007ffa7ee08000 	C:\WINDOWS\System32\NSI.dll
0x00007ffa677b0000 - 0x00007ffa677c2000 	C:\WINDOWS\System32\winrnr.dll
0x00007ffa72890000 - 0x00007ffa7289a000 	C:\Windows\System32\rasadhlp.dll
0x00007ffa72650000 - 0x00007ffa726d0000 	C:\WINDOWS\System32\fwpuclnt.dll
0x00007ffa7d110000 - 0x00007ffa7d137000 	C:\WINDOWS\System32\bcrypt.dll

dbghelp: loaded successfully - version: 4.0.5 - missing functions: none
symbol engine: initialized successfully - sym options: 0x614 - pdb path: .;C:\Users\Никита\.jdks\corretto-11.0.21\bin;C:\WINDOWS\SYSTEM32;C:\WINDOWS\WinSxS\amd64_microsoft.windows.common-controls_6595b64144ccf1df_6.0.19041.3636_none_60b6a03d71f818d5;C:\Users\Никита\.jdks\corretto-11.0.21\bin\server

VM Arguments:
jvm_args: -javaagent:C:\\Users\\Никита\\.m2\\repository\\org\\jacoco\\org.jacoco.agent\\0.8.5\\org.jacoco.agent-0.8.5-runtime.jar=destfile=C:\\Users\\Никита\\IdeaProjects\\JaCoCo\\target\\jacoco.exec 
java_command: C:\Users\843E~1\AppData\Local\Temp\surefire17749293276182885775\surefirebooter2315177009196639941.jar C:\Users\Никита\AppData\Local\Temp\surefire17749293276182885775 2024-01-12T17-49-45_932-jvmRun1 surefire4647602484918745250tmp surefire_0699197862146477025tmp
java_class_path (initial): C:\Users\843E~1\AppData\Local\Temp\surefire17749293276182885775\surefirebooter2315177009196639941.jar
Launcher Type: SUN_STANDARD

[Global flags]
     intx CICompilerCount                          = 3                                         {product} {ergonomic}
     uint ConcGCThreads                            = 1                                         {product} {ergonomic}
     uint G1ConcRefinementThreads                  = 4                                         {product} {ergonomic}
   size_t G1HeapRegionSize                         = 1048576                                   {product} {ergonomic}
    uintx GCDrainStackTargetSize                   = 64                                        {product} {ergonomic}
   size_t InitialHeapSize                          = 201326592                                 {product} {ergonomic}
   size_t MarkStackSize                            = 4194304                                   {product} {ergonomic}
   size_t MaxHeapSize                              = 3206545408                                {product} {ergonomic}
   size_t MaxNewSize                               = 1923088384                                {product} {ergonomic}
   size_t MinHeapDeltaBytes                        = 1048576                                   {product} {ergonomic}
    uintx NonNMethodCodeHeapSize                   = 5830732                                {pd product} {ergonomic}
    uintx NonProfiledCodeHeapSize                  = 122913754                              {pd product} {ergonomic}
    uintx ProfiledCodeHeapSize                     = 122913754                              {pd product} {ergonomic}
    uintx ReservedCodeCacheSize                    = 251658240                              {pd product} {ergonomic}
     bool SegmentedCodeCache                       = true                                      {product} {ergonomic}
     bool UseCompressedClassPointers               = true                                 {lp64_product} {ergonomic}
     bool UseCompressedOops                        = true                                 {lp64_product} {ergonomic}
     bool UseG1GC                                  = true                                      {product} {ergonomic}
     bool UseLargePagesIndividualAllocation        = false                                  {pd product} {ergonomic}

Logging:
Log output configuration:
 #0: stdout all=warning uptime,level,tags
 #1: stderr all=off uptime,level,tags

Environment Variables:
PATH=C:\Program Files\Eclipse Adoptium\jdk-11.0.20.101-hotspot\bin;C:\Program Files (x86)\NVIDIA Corporation\PhysX\Common;C:\ProgramData\Oracle\Java\javapath;C:\WINDOWS\system32;C:\WINDOWS;C:\WINDOWS\System32\Wbem;C:\WINDOWS\System32\WindowsPowerShell\v1.0\;C:\WINDOWS\System32\OpenSSH\;C:\Program Files\Git\cmd;C:\Users\Никита\AppData\Local\Microsoft\WindowsApps;;C:\Users\Никита\AppData\Local\Programs\Microsoft VS Code\bin
USERNAME=Никита
OS=Windows_NT
PROCESSOR_IDENTIFIER=Intel64 Family 6 Model 158 Stepping 9, GenuineIntel
TMP=C:\Users\843E~1\AppData\Local\Temp
TEMP=C:\Users\843E~1\AppData\Local\Temp



---------------  S Y S T E M  ---------------

OS: Windows 10 , 64 bit Build 19041 (10.0.19041.3636)
OS uptime: 14 days 15:52 hours

CPU:total 4 (initial active 4) (2 cores per cpu, 2 threads per core) family 6 model 158 stepping 9 microcode 0xb4, cmov, cx8, fxsr, mmx, sse, sse2, sse3, ssse3, sse4.1, sse4.2, popcnt, aes, clmul, erms, 3dnowpref, lzcnt, ht, tsc, tscinvbit

Memory: 4k page, system-wide physical 12226M (913M free)
TotalPageFile size 32226M (AvailPageFile size 14814M)
current process WorkingSet (physical memory assigned to process): 43M, peak: 43M
current process commit charge ("private bytes"): 267M, peak: 267M

vm_info: OpenJDK 64-Bit Server VM (11.0.21+9-LTS) for windows-amd64 JRE (11.0.21+9-LTS), built on Oct  9 2023 18:37:11 by "Administrator" with MS VC++ 16.10 / 16.11 (VS2019)

END.
